Listening for transport dt_socket at address: 8000
10:42:23,928 INFO  ~ Starting /home/dsi/Documentos/pp/survey
10:42:24,524 WARN  ~ You're running Play! in DEV mode
10:42:24,561 INFO  ~ Listening for HTTP on port 9000 (Waiting a first request to start) ...
~ Server is up and running
10:42:41,625 ERROR ~ Cannot include routes for module crud (not found)
10:42:42,355 ERROR ~ 

@7ao39431p
Internal Server Error (500) for request GET /

Compilation error (In /app/controllers/Teachers.java around line 20)
The file /app/controllers/Teachers.java could not be compiled. Error raised is : CRUD cannot be resolved to a type

play.exceptions.CompilationException: CRUD cannot be resolved to a type
	at play.classloading.ApplicationCompiler$2.acceptResult(ApplicationCompiler.java:256)
	at org.eclipse.jdt.internal.compiler.Compiler.handleInternalException(Compiler.java:678)
	at org.eclipse.jdt.internal.compiler.Compiler.compile(Compiler.java:522)
	at play.classloading.ApplicationCompiler.compile(ApplicationCompiler.java:292)
	at play.classloading.ApplicationClassloader.getAllClasses(ApplicationClassloader.java:428)
	at play.Play.start(Play.java:527)
	at play.Play.detectChanges(Play.java:641)
	at play.Invoker$Invocation.init(Invoker.java:199)
	at Invocation.HTTP Request(Play!)
10:43:01,423 INFO  ~ Connected to jdbc:h2:mem:play;MODE=MYSQL for default
10:43:01,913 INFO  ~ HHH000262: Table not found: Teacher
10:43:01,915 INFO  ~ HHH000262: Table not found: Teacher
10:43:01,916 INFO  ~ HHH000262: Table not found: Teacher
10:43:01,963 INFO  ~ Application 'survey' is now started !
----------------saved----------------
teacher name saved: 
teacher last name saved: 
teacher email: 
teacher id: 1
10:44:17,913 ERROR ~ 

@7ao394320
Internal Server Error (500) for request GET /

Compilation error (In /app/controllers/Teachers.java around line 20)
The file /app/controllers/Teachers.java could not be compiled. Error raised is : CRUD.For cannot be resolved to a type

play.exceptions.CompilationException: CRUD.For cannot be resolved to a type
	at play.classloading.ApplicationCompiler$2.acceptResult(ApplicationCompiler.java:256)
	at org.eclipse.jdt.internal.compiler.Compiler.handleInternalException(Compiler.java:678)
	at org.eclipse.jdt.internal.compiler.Compiler.compile(Compiler.java:522)
	at play.classloading.ApplicationCompiler.compile(ApplicationCompiler.java:292)
	at play.classloading.ApplicationClasses$ApplicationClass.compile(ApplicationClasses.java:289)
	at play.classloading.ApplicationClassloader.detectChanges(ApplicationClassloader.java:326)
	at play.Play.detectChanges(Play.java:636)
	at play.Invoker$Invocation.init(Invoker.java:199)
	at Invocation.HTTP Request(Play!)
10:46:30,713 ERROR ~ 

@7ao394321
Internal Server Error (500) for request GET /

Compilation error (In /app/controllers/Teachers.java around line 21)
The file /app/controllers/Teachers.java could not be compiled. Error raised is : CRUD cannot be resolved to a type

play.exceptions.CompilationException: CRUD cannot be resolved to a type
	at play.classloading.ApplicationCompiler$2.acceptResult(ApplicationCompiler.java:256)
	at org.eclipse.jdt.internal.compiler.Compiler.handleInternalException(Compiler.java:678)
	at org.eclipse.jdt.internal.compiler.Compiler.compile(Compiler.java:522)
	at play.classloading.ApplicationCompiler.compile(ApplicationCompiler.java:292)
	at play.classloading.ApplicationClasses$ApplicationClass.compile(ApplicationClasses.java:289)
	at play.classloading.ApplicationClassloader.detectChanges(ApplicationClassloader.java:326)
	at play.Play.detectChanges(Play.java:636)
	at play.Invoker$Invocation.init(Invoker.java:199)
	at Invocation.HTTP Request(Play!)
10:48:44,766 ERROR ~ 

@7ao394322
Internal Server Error (500) for request GET /

Compilation error (In /app/controllers/Teachers.java around line 21)
The file /app/controllers/Teachers.java could not be compiled. Error raised is : CRUD cannot be resolved to a type

play.exceptions.CompilationException: CRUD cannot be resolved to a type
	at play.classloading.ApplicationCompiler$2.acceptResult(ApplicationCompiler.java:256)
	at org.eclipse.jdt.internal.compiler.Compiler.handleInternalException(Compiler.java:678)
	at org.eclipse.jdt.internal.compiler.Compiler.compile(Compiler.java:522)
	at play.classloading.ApplicationCompiler.compile(ApplicationCompiler.java:292)
	at play.classloading.ApplicationClasses$ApplicationClass.compile(ApplicationClasses.java:289)
	at play.classloading.ApplicationClassloader.detectChanges(ApplicationClassloader.java:326)
	at play.Play.detectChanges(Play.java:636)
	at play.Invoker$Invocation.init(Invoker.java:199)
	at Invocation.HTTP Request(Play!)
10:48:45,574 ERROR ~ 

@7ao394323
Internal Server Error (500) for request GET /

Compilation error (In /app/controllers/Teachers.java around line 21)
The file /app/controllers/Teachers.java could not be compiled. Error raised is : CRUD cannot be resolved to a type

play.exceptions.CompilationException: CRUD cannot be resolved to a type
	at play.classloading.ApplicationCompiler$2.acceptResult(ApplicationCompiler.java:256)
	at org.eclipse.jdt.internal.compiler.Compiler.handleInternalException(Compiler.java:678)
	at org.eclipse.jdt.internal.compiler.Compiler.compile(Compiler.java:522)
	at play.classloading.ApplicationCompiler.compile(ApplicationCompiler.java:292)
	at play.classloading.ApplicationClasses$ApplicationClass.compile(ApplicationClasses.java:289)
	at play.classloading.ApplicationClassloader.detectChanges(ApplicationClassloader.java:326)
	at play.Play.detectChanges(Play.java:636)
	at play.Invoker$Invocation.init(Invoker.java:199)
	at Invocation.HTTP Request(Play!)
10:50:49,367 ERROR ~ Cannot include routes for module crud (not found)
10:50:49,393 ERROR ~ 

@7ao394324
Internal Server Error (500) for request GET /

Compilation error (In /app/controllers/Teachers.java around line 21)
The file /app/controllers/Teachers.java could not be compiled. Error raised is : CRUD cannot be resolved to a type

play.exceptions.CompilationException: CRUD cannot be resolved to a type
	at play.classloading.ApplicationCompiler$2.acceptResult(ApplicationCompiler.java:256)
	at org.eclipse.jdt.internal.compiler.Compiler.handleInternalException(Compiler.java:678)
	at org.eclipse.jdt.internal.compiler.Compiler.compile(Compiler.java:522)
	at play.classloading.ApplicationCompiler.compile(ApplicationCompiler.java:292)
	at play.classloading.ApplicationClasses$ApplicationClass.compile(ApplicationClasses.java:289)
	at play.classloading.ApplicationClassloader.detectChanges(ApplicationClassloader.java:326)
	at play.Play.detectChanges(Play.java:636)
	at play.Invoker$Invocation.init(Invoker.java:199)
	at Invocation.HTTP Request(Play!)
10:50:50,078 ERROR ~ 

@7ao394325
Internal Server Error (500) for request GET /

Compilation error (In /app/controllers/Teachers.java around line 21)
The file /app/controllers/Teachers.java could not be compiled. Error raised is : CRUD cannot be resolved to a type

play.exceptions.CompilationException: CRUD cannot be resolved to a type
	at play.classloading.ApplicationCompiler$2.acceptResult(ApplicationCompiler.java:256)
	at org.eclipse.jdt.internal.compiler.Compiler.handleInternalException(Compiler.java:678)
	at org.eclipse.jdt.internal.compiler.Compiler.compile(Compiler.java:522)
	at play.classloading.ApplicationCompiler.compile(ApplicationCompiler.java:292)
	at play.classloading.ApplicationClasses$ApplicationClass.compile(ApplicationClasses.java:289)
	at play.classloading.ApplicationClassloader.detectChanges(ApplicationClassloader.java:326)
	at play.Play.detectChanges(Play.java:636)
	at play.Invoker$Invocation.init(Invoker.java:199)
	at Invocation.HTTP Request(Play!)
10:51:04,801 ERROR ~ 

@7ao394326
Internal Server Error (500) for request GET /

Compilation error (In /app/controllers/Teachers.java around line 21)
The file /app/controllers/Teachers.java could not be compiled. Error raised is : CRUD cannot be resolved to a type

play.exceptions.CompilationException: CRUD cannot be resolved to a type
	at play.classloading.ApplicationCompiler$2.acceptResult(ApplicationCompiler.java:256)
	at org.eclipse.jdt.internal.compiler.Compiler.handleInternalException(Compiler.java:678)
	at org.eclipse.jdt.internal.compiler.Compiler.compile(Compiler.java:522)
	at play.classloading.ApplicationCompiler.compile(ApplicationCompiler.java:292)
	at play.classloading.ApplicationClasses$ApplicationClass.compile(ApplicationClasses.java:289)
	at play.classloading.ApplicationClassloader.detectChanges(ApplicationClassloader.java:326)
	at play.Play.detectChanges(Play.java:636)
	at play.Invoker$Invocation.init(Invoker.java:199)
	at Invocation.HTTP Request(Play!)
10:52:45,978 ERROR ~ 

@7ao394327
Internal Server Error (500) for request GET /admin

Compilation error (In /app/controllers/Teachers.java around line 21)
The file /app/controllers/Teachers.java could not be compiled. Error raised is : CRUD cannot be resolved to a type

play.exceptions.CompilationException: CRUD cannot be resolved to a type
	at play.classloading.ApplicationCompiler$2.acceptResult(ApplicationCompiler.java:256)
	at org.eclipse.jdt.internal.compiler.Compiler.handleInternalException(Compiler.java:678)
	at org.eclipse.jdt.internal.compiler.Compiler.compile(Compiler.java:522)
	at play.classloading.ApplicationCompiler.compile(ApplicationCompiler.java:292)
	at play.classloading.ApplicationClasses$ApplicationClass.compile(ApplicationClasses.java:289)
	at play.classloading.ApplicationClassloader.detectChanges(ApplicationClassloader.java:326)
	at play.Play.detectChanges(Play.java:636)
	at play.Invoker$Invocation.init(Invoker.java:199)
	at Invocation.HTTP Request(Play!)
10:54:02,496 ERROR ~ 

@7ao394328
Internal Server Error (500) for request GET /admin

Compilation error (In /app/controllers/Teachers.java around line 21)
The file /app/controllers/Teachers.java could not be compiled. Error raised is : CRUD cannot be resolved to a type

play.exceptions.CompilationException: CRUD cannot be resolved to a type
	at play.classloading.ApplicationCompiler$2.acceptResult(ApplicationCompiler.java:256)
	at org.eclipse.jdt.internal.compiler.Compiler.handleInternalException(Compiler.java:678)
	at org.eclipse.jdt.internal.compiler.Compiler.compile(Compiler.java:522)
	at play.classloading.ApplicationCompiler.compile(ApplicationCompiler.java:292)
	at play.classloading.ApplicationClasses$ApplicationClass.compile(ApplicationClasses.java:289)
	at play.classloading.ApplicationClassloader.detectChanges(ApplicationClassloader.java:326)
	at play.Play.detectChanges(Play.java:636)
	at play.Invoker$Invocation.init(Invoker.java:199)
	at Invocation.HTTP Request(Play!)
10:54:07,374 ERROR ~ 

@7ao394329
Internal Server Error (500) for request GET /

Compilation error (In /app/controllers/Teachers.java around line 21)
The file /app/controllers/Teachers.java could not be compiled. Error raised is : CRUD cannot be resolved to a type

play.exceptions.CompilationException: CRUD cannot be resolved to a type
	at play.classloading.ApplicationCompiler$2.acceptResult(ApplicationCompiler.java:256)
	at org.eclipse.jdt.internal.compiler.Compiler.handleInternalException(Compiler.java:678)
	at org.eclipse.jdt.internal.compiler.Compiler.compile(Compiler.java:522)
	at play.classloading.ApplicationCompiler.compile(ApplicationCompiler.java:292)
	at play.classloading.ApplicationClasses$ApplicationClass.compile(ApplicationClasses.java:289)
	at play.classloading.ApplicationClassloader.detectChanges(ApplicationClassloader.java:326)
	at play.Play.detectChanges(Play.java:636)
	at play.Invoker$Invocation.init(Invoker.java:199)
	at Invocation.HTTP Request(Play!)
10:54:18,297 ERROR ~ 

@7ao39432a
Internal Server Error (500) for request GET /

Compilation error (In /app/controllers/Teachers.java around line 21)
The file /app/controllers/Teachers.java could not be compiled. Error raised is : CRUD cannot be resolved to a type

play.exceptions.CompilationException: CRUD cannot be resolved to a type
	at play.classloading.ApplicationCompiler$2.acceptResult(ApplicationCompiler.java:256)
	at org.eclipse.jdt.internal.compiler.Compiler.handleInternalException(Compiler.java:678)
	at org.eclipse.jdt.internal.compiler.Compiler.compile(Compiler.java:522)
	at play.classloading.ApplicationCompiler.compile(ApplicationCompiler.java:292)
	at play.classloading.ApplicationClasses$ApplicationClass.compile(ApplicationClasses.java:289)
	at play.classloading.ApplicationClassloader.detectChanges(ApplicationClassloader.java:326)
	at play.Play.detectChanges(Play.java:636)
	at play.Invoker$Invocation.init(Invoker.java:199)
	at Invocation.HTTP Request(Play!)
10:54:19,113 ERROR ~ 

@7ao39432b
Internal Server Error (500) for request GET /

Compilation error (In /app/controllers/Teachers.java around line 21)
The file /app/controllers/Teachers.java could not be compiled. Error raised is : CRUD cannot be resolved to a type

play.exceptions.CompilationException: CRUD cannot be resolved to a type
	at play.classloading.ApplicationCompiler$2.acceptResult(ApplicationCompiler.java:256)
	at org.eclipse.jdt.internal.compiler.Compiler.handleInternalException(Compiler.java:678)
	at org.eclipse.jdt.internal.compiler.Compiler.compile(Compiler.java:522)
	at play.classloading.ApplicationCompiler.compile(ApplicationCompiler.java:292)
	at play.classloading.ApplicationClasses$ApplicationClass.compile(ApplicationClasses.java:289)
	at play.classloading.ApplicationClassloader.detectChanges(ApplicationClassloader.java:326)
	at play.Play.detectChanges(Play.java:636)
	at play.Invoker$Invocation.init(Invoker.java:199)
	at Invocation.HTTP Request(Play!)
10:54:19,381 ERROR ~ 

@7ao39432c
Internal Server Error (500) for request GET /

Compilation error (In /app/controllers/Teachers.java around line 21)
The file /app/controllers/Teachers.java could not be compiled. Error raised is : CRUD cannot be resolved to a type

play.exceptions.CompilationException: CRUD cannot be resolved to a type
	at play.classloading.ApplicationCompiler$2.acceptResult(ApplicationCompiler.java:256)
	at org.eclipse.jdt.internal.compiler.Compiler.handleInternalException(Compiler.java:678)
	at org.eclipse.jdt.internal.compiler.Compiler.compile(Compiler.java:522)
	at play.classloading.ApplicationCompiler.compile(ApplicationCompiler.java:292)
	at play.classloading.ApplicationClasses$ApplicationClass.compile(ApplicationClasses.java:289)
	at play.classloading.ApplicationClassloader.detectChanges(ApplicationClassloader.java:326)
	at play.Play.detectChanges(Play.java:636)
	at play.Invoker$Invocation.init(Invoker.java:199)
	at Invocation.HTTP Request(Play!)
10:54:19,625 ERROR ~ 

@7ao39432d
Internal Server Error (500) for request GET /

Compilation error (In /app/controllers/Teachers.java around line 21)
The file /app/controllers/Teachers.java could not be compiled. Error raised is : CRUD cannot be resolved to a type

play.exceptions.CompilationException: CRUD cannot be resolved to a type
	at play.classloading.ApplicationCompiler$2.acceptResult(ApplicationCompiler.java:256)
	at org.eclipse.jdt.internal.compiler.Compiler.handleInternalException(Compiler.java:678)
	at org.eclipse.jdt.internal.compiler.Compiler.compile(Compiler.java:522)
	at play.classloading.ApplicationCompiler.compile(ApplicationCompiler.java:292)
	at play.classloading.ApplicationClasses$ApplicationClass.compile(ApplicationClasses.java:289)
	at play.classloading.ApplicationClassloader.detectChanges(ApplicationClassloader.java:326)
	at play.Play.detectChanges(Play.java:636)
	at play.Invoker$Invocation.init(Invoker.java:199)
	at Invocation.HTTP Request(Play!)
----------------saved----------------
teacher name saved: 
teacher last name saved: 
teacher email: 
teacher id: 1
----------------saved----------------
teacher name saved: 
teacher last name saved: 
teacher email: 
teacher id: 2
----------------saved----------------
teacher name saved: 
teacher last name saved: 
teacher email: 
teacher id: 3
